<?xml version="1.0" encoding="UTF-8"?>
<testng-results skipped="0" failed="0" total="1" passed="1">
  <reporter-output>
  </reporter-output>
  <suite name="Default suite" duration-ms="32095" started-at="2016-04-24T01:31:48Z" finished-at="2016-04-24T01:32:20Z">
    <groups>
      <group name="addContact">
        <method signature="TaskKey.addContact()[pri:0, instance:com.shichao.task.TaskKey@39346e64]" name="addContact" class="com.shichao.task.TaskKey"/>
      </group> <!-- addContact -->
    </groups>
    <test name="Default test" duration-ms="32095" started-at="2016-04-24T01:31:48Z" finished-at="2016-04-24T01:32:20Z">
      <class name="com.shichao.task.TaskKey">
        <test-method status="PASS" signature="setUp()[pri:0, instance:com.shichao.task.TaskKey@39346e64]" name="setUp" is-config="true" duration-ms="10174" started-at="2016-04-24T09:31:48Z" finished-at="2016-04-24T09:31:58Z">
          <reporter-output>
          </reporter-output>
        </test-method> <!-- setUp -->
        <test-method status="PASS" signature="addContact()[pri:0, instance:com.shichao.task.TaskKey@39346e64]" name="addContact" duration-ms="21040" started-at="2016-04-24T09:31:58Z" finished-at="2016-04-24T09:32:19Z">
          <reporter-output>
          </reporter-output>
        </test-method> <!-- addContact -->
        <test-method status="PASS" signature="tearDown()[pri:0, instance:com.shichao.task.TaskKey@39346e64]" name="tearDown" is-config="true" duration-ms="851" started-at="2016-04-24T09:32:19Z" finished-at="2016-04-24T09:32:20Z">
          <reporter-output>
          </reporter-output>
        </test-method> <!-- tearDown -->
      </class> <!-- com.shichao.task.TaskKey -->
    </test> <!-- Default test -->
  </suite> <!-- Default suite -->
</testng-results>
